[0.711s] DEBUG:colcon:Command line arguments: ['/usr/bin/colcon', 'build']
[0.711s] DEBUG:colcon:Parsed command line arguments: Namespace(log_base=None, log_level=None, verb_name='build', build_base='build', install_base='install', merge_install=False, symlink_install=False, test_result_base=None, continue_on_error=False, executor='parallel', parallel_workers=2, event_handlers=None, ignore_user_meta=False, metas=['./colcon.meta'], base_paths=['.'], packages_ignore=None, packages_ignore_regex=None, paths=None, packages_up_to=None, packages_up_to_regex=None, packages_above=None, packages_above_and_dependencies=None, packages_above_depth=None, packages_select_by_dep=None, packages_skip_by_dep=None, packages_skip_up_to=None, packages_select_build_failed=False, packages_skip_build_finished=False, packages_select_test_failures=False, packages_skip_test_passed=False, packages_select=None, packages_skip=None, packages_select_regex=None, packages_skip_regex=None, packages_start=None, packages_end=None, allow_overriding=[], cmake_args=None, cmake_target=None, cmake_target_skip_unavailable=False, cmake_clean_cache=False, cmake_clean_first=False, cmake_force_configure=False, ament_cmake_args=None, catkin_cmake_args=None, catkin_skip_building_tests=False, mixin_files=None, mixin=None, verb_parser=<colcon_mixin.mixin.mixin_argument.MixinArgumentDecorator object at 0x705cd489c560>, verb_extension=<colcon_core.verb.build.BuildVerb object at 0x705cd489c050>, main=<bound method BuildVerb.main of <colcon_core.verb.build.BuildVerb object at 0x705cd489c050>>, mixin_verb=('build',))
[0.936s] Level 1:colcon.colcon_core.package_discovery:discover_packages(colcon_meta) check parameters
[0.936s] Level 1:colcon.colcon_core.package_discovery:discover_packages(recursive) check parameters
[0.937s] Level 1:colcon.colcon_core.package_discovery:discover_packages(ignore) check parameters
[0.937s] Level 1:colcon.colcon_core.package_discovery:discover_packages(path) check parameters
[0.937s] Level 1:colcon.colcon_core.package_discovery:discover_packages(colcon_meta) discover
[0.937s] Level 1:colcon.colcon_core.package_discovery:discover_packages(recursive) discover
[0.937s] INFO:colcon.colcon_core.package_discovery:Crawling recursively for packages in '/home/rudransh/Desktop/simple_driver'
[0.937s] Level 1:colcon.colcon_core.package_identification:_identify(.) by extensions ['ignore', 'ignore_ament_install']
[0.937s] Level 1:colcon.colcon_core.package_identification:_identify(.) by extension 'ignore'
[0.937s] Level 1:colcon.colcon_core.package_identification:_identify(.) by extension 'ignore_ament_install'
[0.938s] Level 1:colcon.colcon_core.package_identification:_identify(.) by extensions ['colcon_pkg']
[0.938s] Level 1:colcon.colcon_core.package_identification:_identify(.) by extension 'colcon_pkg'
[0.938s] Level 1:colcon.colcon_core.package_identification:_identify(.) by extensions ['colcon_meta']
[0.938s] Level 1:colcon.colcon_core.package_identification:_identify(.) by extension 'colcon_meta'
[0.938s] Level 1:colcon.colcon_core.package_identification:_identify(.) by extensions ['ros']
[0.938s] Level 1:colcon.colcon_core.package_identification:_identify(.) by extension 'ros'
[0.985s] Level 1:colcon.colcon_core.package_identification:_identify(.) by extensions ['cmake', 'python']
[0.986s] Level 1:colcon.colcon_core.package_identification:_identify(.) by extension 'cmake'
[0.986s] Level 1:colcon.colcon_core.package_identification:_identify(.) by extension 'python'
[0.986s] Level 1:colcon.colcon_core.package_identification:_identify(.) by extensions ['python_setup_py']
[0.986s] Level 1:colcon.colcon_core.package_identification:_identify(.) by extension 'python_setup_py'
[0.986s] Level 1:colcon.colcon_core.package_identification:_identify(build) by extensions ['ignore', 'ignore_ament_install']
[0.987s] Level 1:colcon.colcon_core.package_identification:_identify(build) by extension 'ignore'
[0.987s] Level 1:colcon.colcon_core.package_identification:_identify(build) ignored
[0.987s] Level 1:colcon.colcon_core.package_identification:_identify(install) by extensions ['ignore', 'ignore_ament_install']
[0.987s] Level 1:colcon.colcon_core.package_identification:_identify(install) by extension 'ignore'
[0.987s] Level 1:colcon.colcon_core.package_identification:_identify(install) ignored
[0.987s] Level 1:colcon.colcon_core.package_identification:_identify(log) by extensions ['ignore', 'ignore_ament_install']
[0.987s] Level 1:colcon.colcon_core.package_identification:_identify(log) by extension 'ignore'
[0.987s] Level 1:colcon.colcon_core.package_identification:_identify(log) ignored
[0.987s] Level 1:colcon.colcon_core.package_discovery:discover_packages(recursive) using defaults
[0.987s] Level 1:colcon.colcon_core.package_discovery:discover_packages(ignore) discover
[0.987s] Level 1:colcon.colcon_core.package_discovery:discover_packages(ignore) using defaults
[0.987s] Level 1:colcon.colcon_core.package_discovery:discover_packages(path) discover
[0.987s] Level 1:colcon.colcon_core.package_discovery:discover_packages(path) using defaults
[1.047s] Level 1:colcon.colcon_core.package_discovery:discover_packages(prefix_path) check parameters
[1.047s] Level 1:colcon.colcon_core.package_discovery:discover_packages(prefix_path) discover
[1.065s] DEBUG:colcon.colcon_installed_package_information.package_discovery:Found 346 installed packages in /opt/ros/jazzy
[1.066s] Level 1:colcon.colcon_core.package_discovery:discover_packages(prefix_path) using defaults
[1.398s] INFO:colcon.colcon_core.executor:Executing jobs using 'parallel' executor
[1.401s] DEBUG:colcon.colcon_parallel_executor.executor.parallel:run_until_complete
[1.401s] DEBUG:colcon.colcon_parallel_executor.executor.parallel:closing loop
[1.401s] DEBUG:colcon.colcon_parallel_executor.executor.parallel:loop closed
[1.401s] DEBUG:colcon.colcon_parallel_executor.executor.parallel:run_until_complete finished with '0'
[1.401s] DEBUG:colcon.colcon_core.event_reactor:joining thread
[1.448s] INFO:colcon.colcon_core.plugin_system:Skipping extension 'colcon_notification.desktop_notification.terminal_notifier': Not used on non-Darwin systems
[1.448s] INFO:colcon.colcon_core.plugin_system:Skipping extension 'colcon_notification.desktop_notification.win32': Not used on non-Windows systems
[1.448s] INFO:colcon.colcon_notification.desktop_notification:Sending desktop notification using 'notify2'
[1.508s] DEBUG:colcon.colcon_core.event_reactor:joined thread
[1.524s] INFO:colcon.colcon_core.plugin_system:Skipping extension 'colcon_core.shell.bat': Not used on non-Windows systems
[1.524s] INFO:colcon.colcon_core.shell:Creating prefix script '/home/rudransh/Desktop/simple_driver/install/local_setup.ps1'
[1.528s] INFO:colcon.colcon_core.shell:Creating prefix util module '/home/rudransh/Desktop/simple_driver/install/_local_setup_util_ps1.py'
[1.538s] INFO:colcon.colcon_core.shell:Creating prefix chain script '/home/rudransh/Desktop/simple_driver/install/setup.ps1'
[1.548s] INFO:colcon.colcon_core.shell:Creating prefix script '/home/rudransh/Desktop/simple_driver/install/local_setup.sh'
[1.549s] INFO:colcon.colcon_core.shell:Creating prefix util module '/home/rudransh/Desktop/simple_driver/install/_local_setup_util_sh.py'
[1.551s] INFO:colcon.colcon_core.shell:Creating prefix chain script '/home/rudransh/Desktop/simple_driver/install/setup.sh'
[1.553s] INFO:colcon.colcon_core.shell:Creating prefix script '/home/rudransh/Desktop/simple_driver/install/local_setup.bash'
[1.557s] INFO:colcon.colcon_core.shell:Creating prefix chain script '/home/rudransh/Desktop/simple_driver/install/setup.bash'
[1.560s] INFO:colcon.colcon_core.shell:Creating prefix script '/home/rudransh/Desktop/simple_driver/install/local_setup.zsh'
[1.562s] INFO:colcon.colcon_core.shell:Creating prefix chain script '/home/rudransh/Desktop/simple_driver/install/setup.zsh'
